TEST-DS1-0020
TEST-DS1-0021
TEST-DS1-0022
TEST-DS1-0023
TEST-DS1-0024
TEST-DS1-0025
TEST-DS1-0026
TEST-DS1-0027
TEST-DS1-0028
TEST-DS1-0029
TEST-DS1-0030
TEST-DS1-0031
TEST-DS1-0032
TEST-DS1-0033
TEST-DS1-0034
TEST-DS1-0034
Potatoes(Irish)
===============================10====================================
===============================3739====================================
===============================ph 1010====================================
===============================p 22====================================
===============================k 14====================================
===============================ca 12====================================
===============================mg 5====================================
===============================om 0====================================
No crop reports for Potatoes(Irish)
TEST-DS1-0035
TEST-DS1-0035
Potatoes(Irish)
===============================10====================================
===============================3739====================================
===============================ph 2638====================================
===============================p 45====================================
===============================k 7====================================
===============================om 5====================================
======================./outputFiles/Potatoes(Irish)_ph-optimum_phosphorus-high_potassium-optimum_organicmatter-optimum_calcium-nan_magnesium-nan======================
TEST-DS1-0036
TEST-DS1-0036
Potatoes(Irish)
===============================10====================================
===============================3739====================================
===============================ph 91====================================
===============================p 21====================================
===============================k 0====================================
===============================om 0====================================
No crop reports for Potatoes(Irish)
TEST-DS1-0037
TEST-DS1-0037
Potatoes(Irish)
===============================10====================================
===============================3739====================================
===============================ph 1010====================================
===============================p 32====================================
===============================k 19====================================
===============================om 0====================================
No crop reports for Potatoes(Irish)
TEST-DS1-0038
TEST-DS1-0038
Potatoes(Irish)
===============================10====================================
===============================3739====================================
===============================ph 2638====================================
===============================p 742====================================
===============================k 103====================================
===============================om 101====================================
======================./outputFiles/Potatoes(Irish)_ph-optimum_phosphorus-optimum_potassium-optimum_organicmatter-optimum_calcium-nan_magnesium-nan======================
TEST-DS1-0039
TEST-DS1-0039
Potatoes(Irish)
===============================10====================================
===============================3739====================================
===============================ph 91====================================
===============================p 54====================================
===============================k 0====================================
===============================om 0====================================
No crop reports for Potatoes(Irish)
TEST-DS1-0040
TEST-DS1-0040
Potatoes(Irish)
===============================10====================================
===============================3739====================================
===============================ph 1010====================================
===============================p 956====================================
===============================k 430====================================
===============================ca 385====================================
===============================mg 117====================================
===============================om 3====================================
======================./outputFiles/Potatoes(Irish)_ph-low_phosphorus-low_potassium-high_organicmatter-high_calcium-low_magnesium-low======================
TEST-DS1-0041
TEST-DS1-0041
Potatoes(Irish)
===============================10====================================
===============================3739====================================
===============================ph 2638====================================
===============================p 1851====================================
===============================k 456====================================
===============================om 441====================================
======================./outputFiles/Potatoes(Irish)_ph-optimum_phosphorus-low_potassium-optimum_organicmatter-optimum_calcium-nan_magnesium-nan======================
TEST-DS1-0042
TEST-DS1-0042
Potatoes(Irish)
===============================10====================================
===============================3739====================================
===============================ph 91====================================
===============================p 16====================================
===============================k 3====================================
===============================om 1====================================
======================./outputFiles/Potatoes(Irish)_ph-high_phosphorus-low_potassium-low_organicmatter-low_calcium-nan_magnesium-nan======================
Downloading batch no 7814
